{
  "RSpec": {
    "coverage": {
      "/home/nikolai/Рабочий стол/rails-valera-online/config/environment.rb": {
        "lines": [
          null,
          1,
          null,
          null,
          1
        ]
      },
      "/home/nikolai/Рабочий стол/rails-valera-online/config/application.rb": {
        "lines": [
          1,
          null,
          1,
          null,
          1,
          1,
          1,
          1,
          1,
          1,
          1,
          1,
          1,
          1,
          1,
          null,
          null,
          null,
          null,
          1,
          null,
          1,
          1,
          null,
          1,
          null,
          null,
          null,
          null,
          null,
          null,
          null,
          1,
          null,
          null
        ]
      },
      "/home/nikolai/Рабочий стол/rails-valera-online/config/boot.rb": {
        "lines": [
          1,
          null,
          1,
          1
        ]
      },
      "/home/nikolai/Рабочий стол/rails-valera-online/config/environments/test.rb": {
        "lines": [
          null,
          null,
          null,
          null,
          null,
          1,
          null,
          null,
          1,
          1,
          null,
          null,
          null,
          null,
          1,
          null,
          null,
          1,
          1,
          null,
          null,
          null,
          null,
          1,
          1,
          1,
          null,
          null,
          1,
          null,
          null,
          1,
          null,
          null,
          1,
          null,
          1,
          null,
          null,
          null,
          null,
          1,
          null,
          null,
          1,
          null,
          null,
          null,
          null
        ]
      },
      "/home/nikolai/Рабочий стол/rails-valera-online/config/initializers/application_controller_renderer.rb": {
        "lines": [
          null,
          null,
          null,
          null,
          null,
          null,
          null,
          null
        ]
      },
      "/home/nikolai/Рабочий стол/rails-valera-online/config/initializers/assets.rb": {
        "lines": [
          null,
          null,
          null,
          1,
          null,
          null,
          null,
          null,
          1,
          null,
          null,
          null,
          null,
          null
        ]
      },
      "/home/nikolai/Рабочий стол/rails-valera-online/config/initializers/backtrace_silencers.rb": {
        "lines": [
          null,
          null,
          null,
          null,
          null,
          null,
          null,
          1
        ]
      },
      "/home/nikolai/Рабочий стол/rails-valera-online/config/initializers/content_security_policy.rb": {
        "lines": [
          null,
          null,
          null,
          null,
          null,
          null,
          null,
          null,
          null,
          null,
          null,
          null,
          null,
          null,
          null,
          null,
          null,
          null,
          null,
          null,
          null,
          null,
          null,
          null,
          null,
          null,
          null,
          null,
          null,
          null
        ]
      },
      "/home/nikolai/Рабочий стол/rails-valera-online/config/initializers/cookies_serializer.rb": {
        "lines": [
          null,
          null,
          null,
          null,
          1
        ]
      },
      "/home/nikolai/Рабочий стол/rails-valera-online/config/initializers/filter_parameter_logging.rb": {
        "lines": [
          null,
          null,
          null,
          1
        ]
      },
      "/home/nikolai/Рабочий стол/rails-valera-online/config/initializers/inflections.rb": {
        "lines": [
          null,
          null,
          null,
          null,
          null,
          null,
          null,
          null,
          null,
          null,
          null,
          null,
          null,
          null,
          null,
          null
        ]
      },
      "/home/nikolai/Рабочий стол/rails-valera-online/config/initializers/mime_types.rb": {
        "lines": [
          null,
          null,
          null,
          null
        ]
      },
      "/home/nikolai/Рабочий стол/rails-valera-online/config/initializers/permissions_policy.rb": {
        "lines": [
          null,
          null,
          null,
          null,
          null,
          null,
          null,
          null,
          null,
          null,
          null
        ]
      },
      "/home/nikolai/Рабочий стол/rails-valera-online/config/initializers/wrap_parameters.rb": {
        "lines": [
          null,
          null,
          null,
          null,
          null,
          null,
          1,
          2,
          null,
          null,
          null,
          null,
          null,
          null
        ]
      },
      "/home/nikolai/Рабочий стол/rails-valera-online/config/routes.rb": {
        "lines": [
          1,
          1,
          null,
          null,
          1,
          1,
          null,
          null,
          1,
          1,
          1,
          null,
          1,
          null,
          null,
          null,
          1,
          null
        ]
      },
      "/home/nikolai/Рабочий стол/rails-valera-online/app/helpers/application_helper.rb": {
        "lines": [
          1,
          null
        ]
      },
      "/home/nikolai/Рабочий стол/rails-valera-online/app/helpers/conditions_helper.rb": {
        "lines": [
          1,
          null
        ]
      },
      "/home/nikolai/Рабочий стол/rails-valera-online/app/helpers/home_helper.rb": {
        "lines": [
          1,
          null
        ]
      },
      "/home/nikolai/Рабочий стол/rails-valera-online/app/helpers/sessions_helper.rb": {
        "lines": [
          1,
          null
        ]
      },
      "/home/nikolai/Рабочий стол/rails-valera-online/app/helpers/stats_records_helper.rb": {
        "lines": [
          1,
          null
        ]
      },
      "/home/nikolai/Рабочий стол/rails-valera-online/app/helpers/users_helper.rb": {
        "lines": [
          1,
          null
        ]
      },
      "/home/nikolai/Рабочий стол/rails-valera-online/app/helpers/valera_actions_helper.rb": {
        "lines": [
          1,
          null
        ]
      },
      "/home/nikolai/Рабочий стол/rails-valera-online/app/models/condition.rb": {
        "lines": [
          1,
          1,
          null
        ]
      },
      "/home/nikolai/Рабочий стол/rails-valera-online/app/models/application_record.rb": {
        "lines": [
          1,
          1,
          null
        ]
      },
      "/home/nikolai/Рабочий стол/rails-valera-online/app/models/stats_record.rb": {
        "lines": [
          1,
          null
        ]
      },
      "/home/nikolai/Рабочий стол/rails-valera-online/app/models/user.rb": {
        "lines": [
          1,
          1,
          null,
          1,
          1,
          null,
          1,
          1,
          1,
          1,
          1,
          null,
          1,
          1,
          null,
          1,
          null
        ]
      },
      "/home/nikolai/Рабочий стол/rails-valera-online/app/models/valera_action.rb": {
        "lines": [
          1,
          1,
          1,
          1,
          1,
          1,
          1,
          1,
          1,
          1,
          null
        ]
      }
    },
    "timestamp": 1642782331
  }
}
